<?xml version="1.0" encoding="UTF-8"?>
<testng-results ignored="0" total="2" passed="2" failed="0" skipped="0">
  <reporter-output>
  </reporter-output>
  <suite started-at="2025-07-25T07:28:15 UTC" name="Sample Suite" finished-at="2025-07-25T07:28:15 UTC" duration-ms="19">
    <groups>
    </groups>
    <test started-at="2025-07-25T07:28:15 UTC" name="Sample Tests" finished-at="2025-07-25T07:28:15 UTC" duration-ms="19">
      <class name="com.example.tests.SampleTest">
        <test-method signature="testDifference()[pri:0, instance:com.example.tests.SampleTest@358ee631]" started-at="2025-07-25T07:28:15 UTC" name="testDifference" finished-at="2025-07-25T07:28:15 UTC" duration-ms="2" status="PASS">
          <reporter-output>
          </reporter-output>
        </test-method> <!-- testDifference -->
        <test-method signature="testSum()[pri:0, instance:com.example.tests.SampleTest@358ee631]" started-at="2025-07-25T07:28:15 UTC" name="testSum" finished-at="2025-07-25T07:28:15 UTC" duration-ms="0" status="PASS">
          <reporter-output>
          </reporter-output>
        </test-method> <!-- testSum -->
      </class> <!-- com.example.tests.SampleTest -->
    </test> <!-- Sample Tests -->
  </suite> <!-- Sample Suite -->
</testng-results>
